<?xml version="1.0" encoding="UTF-8"?>
<testng-results skipped="0" failed="0" ignored="0" total="5" passed="5">
  <reporter-output>
  </reporter-output>
  <suite name="book-flight-module" duration-ms="14268" started-at="2020-11-22T04:32:22Z" finished-at="2020-11-22T04:32:36Z">
    <groups>
    </groups>
    <test name="book-flight-1" duration-ms="14268" started-at="2020-11-22T04:32:22Z" finished-at="2020-11-22T04:32:36Z">
      <class name="com.newtours.BookFlightTest">
        <test-method status="PASS" signature="setUpDriver()[pri:0, instance:com.newtours.BookFlightTest@649d209a]" name="setUpDriver" is-config="true" duration-ms="2477" started-at="2020-11-22T04:32:22Z" finished-at="2020-11-22T04:32:24Z">
          <reporter-output>
          </reporter-output>
        </test-method> <!-- setUpDriver -->
        <test-method status="PASS" signature="setupParameters(java.lang.String, java.lang.String)[pri:0, instance:com.newtours.BookFlightTest@649d209a]" name="setupParameters" is-config="true" duration-ms="4" started-at="2020-11-22T04:32:24Z" depends-on-methods="tests.BaseTest.setUpDriver" finished-at="2020-11-22T04:32:24Z">
          <params>
            <param index="0">
              <value>
                <![CDATA[1]]>
              </value>
            </param>
            <param index="1">
              <value>
                <![CDATA[$584 USD]]>
              </value>
            </param>
          </params>
          <reporter-output>
          </reporter-output>
        </test-method> <!-- setupParameters -->
        <test-method status="PASS" signature="registrationPage()[pri:0, instance:com.newtours.BookFlightTest@649d209a]" name="registrationPage" duration-ms="8558" started-at="2020-11-22T04:32:24Z" finished-at="2020-11-22T04:32:33Z">
          <reporter-output>
          </reporter-output>
        </test-method> <!-- registrationPage -->
        <test-method status="PASS" signature="registrationConfirmationPage()[pri:0, instance:com.newtours.BookFlightTest@649d209a]" name="registrationConfirmationPage" duration-ms="257" started-at="2020-11-22T04:32:33Z" depends-on-methods="com.newtours.BookFlightTest.registrationPage" finished-at="2020-11-22T04:32:33Z">
          <reporter-output>
          </reporter-output>
        </test-method> <!-- registrationConfirmationPage -->
        <test-method status="PASS" signature="flightDetailsPage()[pri:0, instance:com.newtours.BookFlightTest@649d209a]" name="flightDetailsPage" duration-ms="1883" started-at="2020-11-22T04:32:33Z" depends-on-methods="com.newtours.BookFlightTest.registrationConfirmationPage" finished-at="2020-11-22T04:32:35Z">
          <reporter-output>
          </reporter-output>
        </test-method> <!-- flightDetailsPage -->
        <test-method status="PASS" signature="findFlightPage()[pri:0, instance:com.newtours.BookFlightTest@649d209a]" name="findFlightPage" duration-ms="582" started-at="2020-11-22T04:32:35Z" depends-on-methods="com.newtours.BookFlightTest.flightDetailsPage" finished-at="2020-11-22T04:32:35Z">
          <reporter-output>
          </reporter-output>
        </test-method> <!-- findFlightPage -->
        <test-method status="PASS" signature="flightConfirmationPage()[pri:0, instance:com.newtours.BookFlightTest@649d209a]" name="flightConfirmationPage" duration-ms="413" started-at="2020-11-22T04:32:35Z" depends-on-methods="com.newtours.BookFlightTest.findFlightPage" finished-at="2020-11-22T04:32:36Z">
          <reporter-output>
          </reporter-output>
        </test-method> <!-- flightConfirmationPage -->
        <test-method status="PASS" signature="quitBrowser()[pri:0, instance:com.newtours.BookFlightTest@649d209a]" name="quitBrowser" is-config="true" duration-ms="70" started-at="2020-11-22T04:32:36Z" finished-at="2020-11-22T04:32:36Z">
          <reporter-output>
          </reporter-output>
        </test-method> <!-- quitBrowser -->
      </class> <!-- com.newtours.BookFlightTest -->
    </test> <!-- book-flight-1 -->
  </suite> <!-- book-flight-module -->
</testng-results>
